[18:47:41] [main/INFO]: Setting user: Player505
[18:47:44] [Client thread/INFO]: LWJGL Version: 2.9.1
[18:48:01] [Client thread/INFO]: Reloading ResourceManager: Default, FMLFileResourcePack:Forge Mod Loader, FMLFileResourcePack:Minecraft Forge, FMLFileResourcePack:Gamen Met Daan
[18:48:02] [Sound Library Loader/INFO]: Sound engine started
[18:48:05] [Client thread/INFO]: Created: 16x16 textures/blocks-atlas
[18:48:05] [Client thread/INFO]: Created: 16x16 textures/items-atlas
[18:48:05] [Client thread/INFO]: Reloading ResourceManager: Default, FMLFileResourcePack:Forge Mod Loader, FMLFileResourcePack:Minecraft Forge, FMLFileResourcePack:Gamen Met Daan
[18:48:06] [Client thread/INFO]: Created: 512x256 textures/blocks-atlas
[18:48:06] [Client thread/INFO]: Created: 256x256 textures/items-atlas
[18:48:07] [Sound Library Loader/INFO]: Sound engine started
[18:48:15] [Server thread/INFO]: Starting integrated minecraft server version 1.7.10
[18:48:15] [Server thread/INFO]: Generating keypair
[18:48:16] [Server thread/INFO]: Preparing start region for level 0
[18:48:17] [Server thread/INFO]: Preparing spawn area: 16%
[18:48:18] [Server thread/INFO]: Preparing spawn area: 58%
[18:48:19] [Server thread/INFO]: Changing view distance to 12, from 10
[18:48:22] [Server thread/INFO]: Player505[local:E:07b7c1ea] logged in with entity id 740 at (-230.57115191724446, 66.0, 302.4049337385778)
[18:48:22] [Server thread/INFO]: Player505 joined the game
[18:48:24] [Server thread/WARN]: Can't keep up! Did the system time change, or is the server overloaded? Running 2243ms behind, skipping 44 tick(s)
[18:48:35] [Server thread/INFO]: Saving and pausing game...
[18:48:35] [Server thread/INFO]: Saving chunks for level 'Bèta mod testing'/Overworld
[18:48:35] [Server thread/INFO]: Saving chunks for level 'Bèta mod testing'/Nether
[18:48:35] [Server thread/INFO]: Saving chunks for level 'Bèta mod testing'/The End
[18:48:54] [Server thread/WARN]: Can't keep up! Did the system time change, or is the server overloaded? Running 2006ms behind, skipping 40 tick(s)
[18:48:58] [Client thread/INFO]: Warning: Clientside chunk ticking took 201 ms
[18:48:58] [Client thread/INFO]: Warning: Clientside chunk ticking took 388 ms
[18:49:02] [Server thread/INFO]: Saving and pausing game...
[18:49:02] [Server thread/INFO]: Saving chunks for level 'Bèta mod testing'/Overworld
[18:49:02] [Server thread/INFO]: Saving chunks for level 'Bèta mod testing'/Nether
[18:49:02] [Server thread/INFO]: Saving chunks for level 'Bèta mod testing'/The End
[18:49:08] [Server thread/INFO]: Saving and pausing game...
[18:49:08] [Server thread/INFO]: Saving chunks for level 'Bèta mod testing'/Overworld
[18:49:08] [Server thread/INFO]: Saving chunks for level 'Bèta mod testing'/Nether
[18:49:08] [Server thread/INFO]: Saving chunks for level 'Bèta mod testing'/The End
[18:49:15] [Client thread/INFO]: Warning: Clientside chunk ticking took 106 ms
[18:49:17] [Client thread/INFO]: Warning: Clientside chunk ticking took 101 ms
[18:49:18] [Server thread/WARN]: Can't keep up! Did the system time change, or is the server overloaded? Running 7136ms behind, skipping 142 tick(s)
[18:49:23] [Client thread/INFO]: Warning: Clientside chunk ticking took 864 ms
[18:49:28] [Server thread/INFO]: Saving and pausing game...
[18:49:28] [Server thread/INFO]: Saving chunks for level 'Bèta mod testing'/Overworld
[18:49:28] [Server thread/INFO]: Saving chunks for level 'Bèta mod testing'/Nether
[18:49:28] [Server thread/INFO]: Saving chunks for level 'Bèta mod testing'/The End
[18:49:33] [Server thread/WARN]: Can't keep up! Did the system time change, or is the server overloaded? Running 2245ms behind, skipping 44 tick(s)
[18:49:35] [Client thread/INFO]: Warning: Clientside chunk ticking took 273 ms
[18:49:37] [Client thread/INFO]: Warning: Clientside chunk ticking took 153 ms
[18:49:37] [Client thread/INFO]: Warning: Clientside chunk ticking took 132 ms
[18:49:37] [Client thread/INFO]: Warning: Clientside chunk ticking took 101 ms
[18:49:37] [Client thread/INFO]: Warning: Clientside chunk ticking took 107 ms
[18:49:48] [Client thread/INFO]: Warning: Clientside chunk ticking took 107 ms
[18:49:51] [Client thread/INFO]: Warning: Clientside chunk ticking took 149 ms
[18:49:56] [Client thread/INFO]: Warning: Clientside chunk ticking took 107 ms
[18:49:58] [Client thread/INFO]: Warning: Clientside chunk ticking took 337 ms
[18:49:59] [Client thread/INFO]: Warning: Clientside chunk ticking took 108 ms
[18:50:00] [Client thread/INFO]: Warning: Clientside chunk ticking took 113 ms
[18:50:00] [Client thread/INFO]: Warning: Clientside chunk ticking took 117 ms
[18:50:03] [Client thread/INFO]: Warning: Clientside chunk ticking took 126 ms
[18:50:03] [Client thread/INFO]: Warning: Clientside chunk ticking took 108 ms
[18:50:03] [Client thread/INFO]: Warning: Clientside chunk ticking took 103 ms
[18:50:03] [Client thread/INFO]: Warning: Clientside chunk ticking took 118 ms
[18:50:03] [Client thread/INFO]: Warning: Clientside chunk ticking took 111 ms
[18:50:05] [Client thread/INFO]: Warning: Clientside chunk ticking took 105 ms
[18:50:23] [Client thread/INFO]: Warning: Clientside chunk ticking took 152 ms
[18:50:24] [Server thread/WARN]: Can't keep up! Did the system time change, or is the server overloaded? Running 19569ms behind, skipping 391 tick(s)
[18:50:25] [Client thread/INFO]: Warning: Clientside chunk ticking took 230 ms
[18:50:25] [Client thread/INFO]: Warning: Clientside chunk ticking took 126 ms
[18:50:26] [Client thread/INFO]: Warning: Clientside chunk ticking took 245 ms
[18:50:27] [Client thread/INFO]: Warning: Clientside chunk ticking took 144 ms
[18:50:28] [Client thread/INFO]: Warning: Clientside chunk ticking took 134 ms
[18:50:28] [Client thread/INFO]: Warning: Clientside chunk ticking took 133 ms
[18:50:28] [Client thread/INFO]: Warning: Clientside chunk ticking took 119 ms
[18:50:28] [Client thread/INFO]: Warning: Clientside chunk ticking took 133 ms
[18:50:28] [Client thread/INFO]: Warning: Clientside chunk ticking took 139 ms
[18:50:29] [Client thread/INFO]: Warning: Clientside chunk ticking took 140 ms
[18:50:37] [Client thread/INFO]: Warning: Clientside chunk ticking took 125 ms
[18:50:38] [Client thread/INFO]: Warning: Clientside chunk ticking took 142 ms
[18:50:38] [Client thread/INFO]: Warning: Clientside chunk ticking took 145 ms
[18:50:38] [Client thread/INFO]: Warning: Clientside chunk ticking took 147 ms
[18:50:38] [Client thread/INFO]: Warning: Clientside chunk ticking took 105 ms
[18:50:38] [Client thread/INFO]: Warning: Clientside chunk ticking took 109 ms
[18:50:38] [Client thread/INFO]: Warning: Clientside chunk ticking took 106 ms
[18:50:39] [Client thread/INFO]: Warning: Clientside chunk ticking took 111 ms
[18:50:39] [Client thread/INFO]: Warning: Clientside chunk ticking took 116 ms
[18:50:39] [Client thread/INFO]: Warning: Clientside chunk ticking took 193 ms
[18:50:39] [Client thread/INFO]: Warning: Clientside chunk ticking took 134 ms
[18:50:39] [Client thread/INFO]: Warning: Clientside chunk ticking took 137 ms
[18:50:41] [Client thread/INFO]: Warning: Clientside chunk ticking took 138 ms
[18:50:41] [Client thread/INFO]: Warning: Clientside chunk ticking took 268 ms
[18:50:41] [Client thread/INFO]: Warning: Clientside chunk ticking took 183 ms
[18:50:42] [Client thread/INFO]: Warning: Clientside chunk ticking took 192 ms
[18:50:42] [Client thread/INFO]: Warning: Clientside chunk ticking took 157 ms
[18:50:42] [Client thread/INFO]: Warning: Clientside chunk ticking took 158 ms
[18:50:43] [Client thread/INFO]: Warning: Clientside chunk ticking took 141 ms
[18:50:43] [Client thread/INFO]: Warning: Clientside chunk ticking took 154 ms
[18:50:43] [Client thread/INFO]: Warning: Clientside chunk ticking took 183 ms
[18:50:43] [Client thread/INFO]: Warning: Clientside chunk ticking took 177 ms
[18:50:44] [Client thread/INFO]: Warning: Clientside chunk ticking took 152 ms
[18:50:44] [Client thread/INFO]: Warning: Clientside chunk ticking took 115 ms
[18:50:44] [Client thread/INFO]: Warning: Clientside chunk ticking took 115 ms
[18:50:44] [Client thread/INFO]: Warning: Clientside chunk ticking took 113 ms
[18:50:45] [Client thread/INFO]: Warning: Clientside chunk ticking took 109 ms
[18:51:00] [Client thread/INFO]: Warning: Clientside chunk ticking took 132 ms
[18:51:00] [Client thread/INFO]: Warning: Clientside chunk ticking took 133 ms
[18:51:00] [Client thread/INFO]: Warning: Clientside chunk ticking took 130 ms
[18:51:01] [Client thread/INFO]: Warning: Clientside chunk ticking took 131 ms
[18:51:01] [Client thread/INFO]: Warning: Clientside chunk ticking took 145 ms
[18:51:01] [Client thread/INFO]: Warning: Clientside chunk ticking took 131 ms
[18:51:01] [Client thread/INFO]: Warning: Clientside chunk ticking took 138 ms
[18:51:02] [Client thread/INFO]: Warning: Clientside chunk ticking took 124 ms
[18:51:02] [Client thread/INFO]: Warning: Clientside chunk ticking took 142 ms
[18:51:02] [Client thread/INFO]: Warning: Clientside chunk ticking took 108 ms
[18:51:02] [Client thread/INFO]: Warning: Clientside chunk ticking took 115 ms
[18:51:03] [Client thread/INFO]: Warning: Clientside chunk ticking took 111 ms
[18:51:03] [Client thread/INFO]: Warning: Clientside chunk ticking took 108 ms
[18:51:03] [Client thread/INFO]: Warning: Clientside chunk ticking took 105 ms
[18:51:20] [Server thread/INFO]: Player505 has just earned the achievement [Taking Inventory]
[18:51:21] [Client thread/INFO]: [CHAT] Player505 has just earned the achievement [Taking Inventory]
[18:51:27] [Client thread/INFO]: Warning: Clientside chunk ticking took 102 ms
[18:51:45] [Server thread/INFO]: Saving and pausing game...
[18:51:45] [Server thread/INFO]: Saving chunks for level 'Bèta mod testing'/Overworld
[18:51:45] [Server thread/INFO]: Saving chunks for level 'Bèta mod testing'/Nether
[18:51:45] [Server thread/INFO]: Saving chunks for level 'Bèta mod testing'/The End
[18:51:53] [Server thread/INFO]: Saving and pausing game...
[18:51:53] [Server thread/INFO]: Saving chunks for level 'Bèta mod testing'/Overworld
[18:51:53] [Server thread/INFO]: Saving chunks for level 'Bèta mod testing'/Nether
[18:51:53] [Server thread/INFO]: Saving chunks for level 'Bèta mod testing'/The End
[18:53:06] [Server thread/INFO]: Saving and pausing game...
[18:53:06] [Server thread/INFO]: Saving chunks for level 'Bèta mod testing'/Overworld
[18:53:06] [Server thread/INFO]: Saving chunks for level 'Bèta mod testing'/Nether
[18:53:06] [Server thread/INFO]: Saving chunks for level 'Bèta mod testing'/The End
[18:53:22] [Server thread/INFO]: Saving and pausing game...
[18:53:23] [Server thread/INFO]: Saving chunks for level 'Bèta mod testing'/Overworld
[18:53:23] [Server thread/INFO]: Saving chunks for level 'Bèta mod testing'/Nether
[18:53:23] [Server thread/INFO]: Saving chunks for level 'Bèta mod testing'/The End
[18:53:37] [Server thread/INFO]: Stopping server
[18:53:37] [Server thread/INFO]: Saving players
[18:53:37] [Server thread/INFO]: Saving worlds
[18:53:37] [Server thread/INFO]: Saving chunks for level 'Bèta mod testing'/Overworld
[18:53:37] [Server thread/INFO]: Saving chunks for level 'Bèta mod testing'/Nether
[18:53:37] [Server thread/INFO]: Saving chunks for level 'Bèta mod testing'/The End
[18:53:38] [Client thread/INFO]: Stopping!
